ChorusHub.wixproj : information WIX0005: [Converted] This file contains an XML declaration on the first line. (DeclarationPresent)
ChorusHub.wxs : information WIX0005: [Converted] This file contains an XML declaration on the first line. (DeclarationPresent)
ChorusHub.wxs(15) : information WIX0009: [Converted] The namespace 'http://schemas.microsoft.com/wix/2006/wi' is out of date.  It must be 'http://wixtoolset.org/schemas/v4/wxs'. (XmlnsValueWrong)
ChorusHub.wxs(15) : information WIX0009: [Converted] The namespace 'http://schemas.microsoft.com/wix/FirewallExtension' is out of date.  It must be 'http://wixtoolset.org/schemas/v4/wxs/firewall'. (XmlnsValueWrong)
ChorusHub.wxs(15) : information WIX0009: [Converted] The namespace 'http://schemas.microsoft.com/wix/UtilExtension' is out of date.  It must be 'http://wixtoolset.org/schemas/v4/wxs/util'. (XmlnsValueWrong)
ChorusHub.wxs(16) : information WIX0022: [Converted] Using Condition element text is deprecated. Use the 'Launch' element instead. (InnerTextDeprecated)
ChorusHub.wxs(16) : information WIX0030: [Converted] The Product and Package elements have been renamed and reorganized for simplicity. (ProductAndPackageRenamed)
ChorusHub.wxs : information WIX0060: [Converted] UI, custom action, and property reference WixUI_Minimal has been replaced with strongly-typed element. (ReferencesReplaced)
ChorusHub.wxs : information WIX0058: [Converted] The TARGETDIR directory should not longer be explicitly defined. Remove the Directory element with Id attribute 'TARGETDIR'. (TargetDirDeprecated)
ChorusHub.wxs(65) : information WIX0059: [Converted] Standard directories such as 'ProgramFilesFolder' should no longer be defined using the Directory element. Use the StandardDirectory element instead. (DefiningStandardDirectoryDeprecated)
ChorusHub.wxs(84) : information WIX0019: [Converted] The PermissionEx Inheritable attribute is being set to 'no' to ensure it remains the same as the v3 default. (AssignPermissionExInheritable)
ChorusHub.wxs(93) : information WIX0054: [Converted] The RegistryKey element's Action attribute is obsolete. Action='create' will be converted to ForceCreateOnInstall='yes'. Action='createAndRemoveOnUninstall' will be converted to ForceCreateOnInstall='yes' and ForceDeleteOnUninstall='yes'. (RegistryKeyActionObsolete)
ChorusHub.wxs(143) : information WIX0059: [Converted] Standard directories such as 'SystemFolder' should no longer be defined using the Directory element. Use the StandardDirectory element instead. (DefiningStandardDirectoryDeprecated)
ChorusMergeModule.wixproj : information WIX0005: [Converted] This file contains an XML declaration on the first line. (DeclarationPresent)
ChorusMergeModule.wxs : information WIX0005: [Converted] This file contains an XML declaration on the first line. (DeclarationPresent)
ChorusMergeModule.wxs(8) : information WIX0009: [Converted] The namespace 'http://schemas.microsoft.com/wix/2006/wi' is out of date.  It must be 'http://wixtoolset.org/schemas/v4/wxs'. (XmlnsValueWrong)
ChorusMergeModule.wxs : information WIX0009: [Converted] The namespace 'http://schemas.microsoft.com/wix/FirewallExtension' is out of date.  It must be 'http://wixtoolset.org/schemas/v4/wxs/firewall'. (XmlnsValueWrong)
ChorusMergeModule.wxs(10) : information WIX0031: [Converted] The Module and Package elements have been renamed and reorganized for simplicity. (ModuleAndPackageRenamed)
ChorusMergeModule.wxs : information WIX0058: [Converted] The TARGETDIR directory should not longer be explicitly defined. Remove the Directory element with Id attribute 'TARGETDIR'. (TargetDirDeprecated)
ChorusMergeModule.wxs : information WIX0046: [Converted] The namespace 'http://wixtoolset.org/schemas/v4/wxs/firewall' is not used. Remove unused namespaces. (RemoveUnusedNamespaces)
GeneratedMercurial.wxs : information WIX0005: [Converted] This file contains an XML declaration on the first line. (DeclarationPresent)
GeneratedMercurial.wxs(1) : information WIX0009: [Converted] The namespace 'http://schemas.microsoft.com/wix/2006/wi' is out of date.  It must be 'http://wixtoolset.org/schemas/v4/wxs'. (XmlnsValueWrong)
GeneratedMercurialExtensions.wxs : information WIX0005: [Converted] This file contains an XML declaration on the first line. (DeclarationPresent)
GeneratedMercurialExtensions.wxs(1) : information WIX0009: [Converted] The namespace 'http://schemas.microsoft.com/wix/2006/wi' is out of date.  It must be 'http://wixtoolset.org/schemas/v4/wxs'. (XmlnsValueWrong)